2021-10-25 14:00:17 [main] INFO  c.m.d.t.t.k.s.TwitterToKafkaServiceApplication - Starting TwitterToKafkaServiceApplication v0.0.1-SNAPSHOT on dd54e9fe5777 with PID 1 (/workspace/BOOT-INF/classes started by cnb in /workspace)
2021-10-25 14:00:17 [main] INFO  c.m.d.t.t.k.s.TwitterToKafkaServiceApplication - No active profile set, falling back to default profiles: default
2021-10-25 14:00:20 [main] INFO  o.a.k.c.admin.AdminClientConfig - AdminClientConfig values: 
	bootstrap.servers = [kafka-broker-1:9092, kafka-broker-2:9092, kafka-broker-3:9092]
	client.dns.lookup = default
	client.id = 
	connections.max.idle.ms = 300000
	default.api.timeout.ms = 60000
	metadata.max.age.ms = 300000
	metric.reporters = []
	metrics.num.samples = 2
	metrics.recording.level = INFO
	metrics.sample.window.ms = 30000
	receive.buffer.bytes = 65536
	reconnect.backoff.max.ms = 1000
	reconnect.backoff.ms = 50
	request.timeout.ms = 30000
	retries = 2147483647
	retry.backoff.ms = 100
	sasl.client.callback.handler.class = null
	sasl.jaas.config = null
	sasl.kerberos.kinit.cmd = /usr/bin/kinit
	sasl.kerberos.min.time.before.relogin = 60000
	sasl.kerberos.service.name = null
	sasl.kerberos.ticket.renew.jitter = 0.05
	sasl.kerberos.ticket.renew.window.factor = 0.8
	sasl.login.callback.handler.class = null
	sasl.login.class = null
	sasl.login.refresh.buffer.seconds = 300
	sasl.login.refresh.min.period.seconds = 60
	sasl.login.refresh.window.factor = 0.8
	sasl.login.refresh.window.jitter = 0.05
	sasl.mechanism = GSSAPI
	security.protocol = PLAINTEXT
	security.providers = null
	send.buffer.bytes = 131072
	ssl.cipher.suites = null
	ssl.enabled.protocols = [TLSv1.2]
	ssl.endpoint.identification.algorithm = https
	ssl.key.password = null
	ssl.keymanager.algorithm = SunX509
	ssl.keystore.location = null
	ssl.keystore.password = null
	ssl.keystore.type = JKS
	ssl.protocol = TLSv1.2
	ssl.provider = null
	ssl.secure.random.implementation = null
	ssl.trustmanager.algorithm = PKIX
	ssl.truststore.location = null
	ssl.truststore.password = null
	ssl.truststore.type = JKS

2021-10-25 14:00:20 [main] INFO  o.a.kafka.common.utils.AppInfoParser - Kafka version: 2.5.1
2021-10-25 14:00:20 [main] INFO  o.a.kafka.common.utils.AppInfoParser - Kafka commitId: 0efa8fb0f4c73d92
2021-10-25 14:00:20 [main] INFO  o.a.kafka.common.utils.AppInfoParser - Kafka startTimeMs: 1635170420695
2021-10-25 14:00:20 [kafka-admin-client-thread | adminclient-1] WARN  o.apache.kafka.clients.NetworkClient - [AdminClient clientId=adminclient-1] Connection to node -3 (kafka-broker-3/172.18.0.6:9092) could not be established. Broker may not be available.
2021-10-25 14:00:20 [kafka-admin-client-thread | adminclient-1] WARN  o.apache.kafka.clients.NetworkClient - [AdminClient clientId=adminclient-1] Connection to node -2 (kafka-broker-2/172.18.0.5:9092) could not be established. Broker may not be available.
2021-10-25 14:00:20 [kafka-admin-client-thread | adminclient-1] WARN  o.apache.kafka.clients.NetworkClient - [AdminClient clientId=adminclient-1] Connection to node -1 (kafka-broker-1/172.18.0.4:9092) could not be established. Broker may not be available.
2021-10-25 14:00:20 [kafka-admin-client-thread | adminclient-1] WARN  o.apache.kafka.clients.NetworkClient - [AdminClient clientId=adminclient-1] Connection to node -2 (kafka-broker-2/172.18.0.5:9092) could not be established. Broker may not be available.
2021-10-25 14:00:20 [kafka-admin-client-thread | adminclient-1] WARN  o.apache.kafka.clients.NetworkClient - [AdminClient clientId=adminclient-1] Connection to node -3 (kafka-broker-3/172.18.0.6:9092) could not be established. Broker may not be available.
2021-10-25 14:00:20 [kafka-admin-client-thread | adminclient-1] WARN  o.apache.kafka.clients.NetworkClient - [AdminClient clientId=adminclient-1] Connection to node -1 (kafka-broker-1/172.18.0.4:9092) could not be established. Broker may not be available.
2021-10-25 14:00:21 [kafka-admin-client-thread | adminclient-1] WARN  o.apache.kafka.clients.NetworkClient - [AdminClient clientId=adminclient-1] Connection to node -3 (kafka-broker-3/172.18.0.6:9092) could not be established. Broker may not be available.
2021-10-25 14:00:21 [kafka-admin-client-thread | adminclient-1] WARN  o.apache.kafka.clients.NetworkClient - [AdminClient clientId=adminclient-1] Connection to node -1 (kafka-broker-1/172.18.0.4:9092) could not be established. Broker may not be available.
2021-10-25 14:00:21 [kafka-admin-client-thread | adminclient-1] WARN  o.apache.kafka.clients.NetworkClient - [AdminClient clientId=adminclient-1] Connection to node -2 (kafka-broker-2/172.18.0.5:9092) could not be established. Broker may not be available.
2021-10-25 14:00:21 [kafka-admin-client-thread | adminclient-1] WARN  o.apache.kafka.clients.NetworkClient - [AdminClient clientId=adminclient-1] Connection to node -3 (kafka-broker-3/172.18.0.6:9092) could not be established. Broker may not be available.
2021-10-25 14:00:21 [kafka-admin-client-thread | adminclient-1] WARN  o.apache.kafka.clients.NetworkClient - [AdminClient clientId=adminclient-1] Connection to node -2 (kafka-broker-2/172.18.0.5:9092) could not be established. Broker may not be available.
2021-10-25 14:00:21 [kafka-admin-client-thread | adminclient-1] WARN  o.apache.kafka.clients.NetworkClient - [AdminClient clientId=adminclient-1] Connection to node -1 (kafka-broker-1/172.18.0.4:9092) could not be established. Broker may not be available.
2021-10-25 14:00:21 [kafka-admin-client-thread | adminclient-1] WARN  o.apache.kafka.clients.NetworkClient - [AdminClient clientId=adminclient-1] Connection to node -3 (kafka-broker-3/172.18.0.6:9092) could not be established. Broker may not be available.
2021-10-25 14:00:21 [kafka-admin-client-thread | adminclient-1] WARN  o.apache.kafka.clients.NetworkClient - [AdminClient clientId=adminclient-1] Connection to node -1 (kafka-broker-1/172.18.0.4:9092) could not be established. Broker may not be available.
2021-10-25 14:00:21 [kafka-admin-client-thread | adminclient-1] WARN  o.apache.kafka.clients.NetworkClient - [AdminClient clientId=adminclient-1] Connection to node -2 (kafka-broker-2/172.18.0.5:9092) could not be established. Broker may not be available.
2021-10-25 14:00:21 [main] INFO  o.s.b.w.e.netty.NettyWebServer - Netty started on port(s): 8080
2021-10-25 14:00:21 [main] INFO  c.m.d.t.t.k.s.TwitterToKafkaServiceApplication - Started TwitterToKafkaServiceApplication in 5.478 seconds (JVM running for 6.526)
2021-10-25 14:00:21 [main] INFO  c.m.d.t.t.k.s.TwitterToKafkaServiceApplication - App starts...
2021-10-25 14:00:21 [main] INFO  c.m.d.k.a.client.KafkaAdminClient - Creating 1 topics(s), attempt 0
2021-10-25 14:00:21 [main] INFO  c.m.d.k.a.client.KafkaAdminClient - Create topic result [KafkaFuture{value=null,exception=null,done=false}]
2021-10-25 14:00:21 [main] INFO  c.m.d.k.a.client.KafkaAdminClient - Reading kafka topic [twitter-topic], attempt 0
2021-10-25 14:00:22 [kafka-admin-client-thread | adminclient-1] WARN  o.apache.kafka.clients.NetworkClient - [AdminClient clientId=adminclient-1] Connection to node -3 (kafka-broker-3/172.18.0.6:9092) could not be established. Broker may not be available.
2021-10-25 14:00:22 [kafka-admin-client-thread | adminclient-1] WARN  o.apache.kafka.clients.NetworkClient - [AdminClient clientId=adminclient-1] Connection to node -2 (kafka-broker-2/172.18.0.5:9092) could not be established. Broker may not be available.
2021-10-25 14:00:22 [kafka-admin-client-thread | adminclient-1] WARN  o.apache.kafka.clients.NetworkClient - [AdminClient clientId=adminclient-1] Connection to node -1 (kafka-broker-1/172.18.0.4:9092) could not be established. Broker may not be available.
2021-10-25 14:00:23 [kafka-admin-client-thread | adminclient-1] WARN  o.apache.kafka.clients.NetworkClient - [AdminClient clientId=adminclient-1] Connection to node -3 (kafka-broker-3/172.18.0.6:9092) could not be established. Broker may not be available.
2021-10-25 14:00:23 [kafka-admin-client-thread | adminclient-1] WARN  o.apache.kafka.clients.NetworkClient - [AdminClient clientId=adminclient-1] Connection to node -2 (kafka-broker-2/172.18.0.5:9092) could not be established. Broker may not be available.
2021-10-25 14:00:23 [kafka-admin-client-thread | adminclient-1] WARN  o.apache.kafka.clients.NetworkClient - [AdminClient clientId=adminclient-1] Connection to node -1 (kafka-broker-1/172.18.0.4:9092) could not be established. Broker may not be available.
2021-10-25 14:00:24 [kafka-admin-client-thread | adminclient-1] WARN  o.apache.kafka.clients.NetworkClient - [AdminClient clientId=adminclient-1] Connection to node -3 (kafka-broker-3/172.18.0.6:9092) could not be established. Broker may not be available.
2021-10-25 14:00:32 [main] INFO  c.m.d.t.t.k.s.i.i.KafkaStreamInitializer - Topics with name twitter-topic is ready for operations!
2021-10-25 14:00:32 [main] INFO  c.m.d.t.t.k.s.r.i.MockKafkaStreamRunner - Starting mock filtering twitter streams for keywords [Java, Microservices, Kafka, Elasticsearch]
2021-10-25 14:00:32 [pool-1-thread-1] INFO  c.m.d.t.t.k.s.l.TwitterKafkaStatusListener - Received status text massa lectus massa libero Lorem pulvinar elit Kafka adipiscing Lorem Maecenas massa adipiscing lectus sending to kafka topic twitter-topic
2021-10-25 14:00:32 [pool-1-thread-1] INFO  c.m.d.k.p.c.s.i.TwitterKafkaProducer - Sending message='{"userId": 2555414883534637626, "id": 2745105686800473544, "text": "massa lectus massa libero Lorem pulvinar elit Kafka adipiscing Lorem Maecenas massa adipiscing lectus", "createdAt": 1635170432000}' to topic='twitter-topic'
2021-10-25 14:00:32 [pool-1-thread-1] INFO  o.a.k.c.producer.ProducerConfig - ProducerConfig values: 
	acks = -1
	batch.size = 1638400
	bootstrap.servers = [kafka-broker-1:9092, kafka-broker-2:9092, kafka-broker-3:9092]
	buffer.memory = 33554432
	client.dns.lookup = default
	client.id = producer-1
	compression.type = snappy
	connections.max.idle.ms = 540000
	delivery.timeout.ms = 120000
	enable.idempotence = false
	interceptor.classes = []
	key.serializer = class org.apache.kafka.common.serialization.LongSerializer
	linger.ms = 5
	max.block.ms = 60000
	max.in.flight.requests.per.connection = 5
	max.request.size = 1048576
	metadata.max.age.ms = 300000
	metadata.max.idle.ms = 300000
	metric.reporters = []
	metrics.num.samples = 2
	metrics.recording.level = INFO
	metrics.sample.window.ms = 30000
	partitioner.class = class org.apache.kafka.clients.producer.internals.DefaultPartitioner
	receive.buffer.bytes = 32768
	reconnect.backoff.max.ms = 1000
	reconnect.backoff.ms = 50
	request.timeout.ms = 60000
	retries = 5
	retry.backoff.ms = 100
	sasl.client.callback.handler.class = null
	sasl.jaas.config = null
	sasl.kerberos.kinit.cmd = /usr/bin/kinit
	sasl.kerberos.min.time.before.relogin = 60000
	sasl.kerberos.service.name = null
	sasl.kerberos.ticket.renew.jitter = 0.05
	sasl.kerberos.ticket.renew.window.factor = 0.8
	sasl.login.callback.handler.class = null
	sasl.login.class = null
	sasl.login.refresh.buffer.seconds = 300
	sasl.login.refresh.min.period.seconds = 60
	sasl.login.refresh.window.factor = 0.8
	sasl.login.refresh.window.jitter = 0.05
	sasl.mechanism = GSSAPI
	security.protocol = PLAINTEXT
	security.providers = null
	send.buffer.bytes = 131072
	ssl.cipher.suites = null
	ssl.enabled.protocols = [TLSv1.2]
	ssl.endpoint.identification.algorithm = https
	ssl.key.password = null
	ssl.keymanager.algorithm = SunX509
	ssl.keystore.location = null
	ssl.keystore.password = null
	ssl.keystore.type = JKS
	ssl.protocol = TLSv1.2
	ssl.provider = null
	ssl.secure.random.implementation = null
	ssl.trustmanager.algorithm = PKIX
	ssl.truststore.location = null
	ssl.truststore.password = null
	ssl.truststore.type = JKS
	transaction.timeout.ms = 60000
	transactional.id = null
	value.serializer = class io.confluent.kafka.serializers.KafkaAvroSerializer

2021-10-25 14:00:32 [pool-1-thread-1] INFO  i.c.k.s.KafkaAvroSerializerConfig - KafkaAvroSerializerConfig values: 
	bearer.auth.token = [hidden]
	proxy.port = -1
	schema.reflection = false
	auto.register.schemas = true
	max.schemas.per.subject = 1000
	basic.auth.credentials.source = URL
	value.subject.name.strategy = class io.confluent.kafka.serializers.subject.TopicNameStrategy
	schema.registry.url = [http://schema-registry:8081]
	basic.auth.user.info = [hidden]
	proxy.host = 
	use.latest.version = false
	schema.registry.basic.auth.user.info = [hidden]
	bearer.auth.credentials.source = STATIC_TOKEN
	key.subject.name.strategy = class io.confluent.kafka.serializers.subject.TopicNameStrategy

2021-10-25 14:00:32 [pool-1-thread-1] WARN  o.a.k.c.producer.ProducerConfig - The configuration 'internal.auto.downgrade.txn.commit' was supplied but isn't a known config.
2021-10-25 14:00:32 [pool-1-thread-1] INFO  o.a.kafka.common.utils.AppInfoParser - Kafka version: 2.5.1
2021-10-25 14:00:32 [pool-1-thread-1] INFO  o.a.kafka.common.utils.AppInfoParser - Kafka commitId: 0efa8fb0f4c73d92
2021-10-25 14:00:32 [pool-1-thread-1] INFO  o.a.kafka.common.utils.AppInfoParser - Kafka startTimeMs: 1635170432927
2021-10-25 14:00:32 [kafka-producer-network-thread | producer-1] INFO  org.apache.kafka.clients.Metadata - [Producer clientId=producer-1] Cluster ID: 6CW_-q-7T0yyfwnIOalI2A
2021-10-25 14:00:43 [pool-1-thread-1] INFO  c.m.d.t.t.k.s.l.TwitterKafkaStatusListener - Received status text ultricies adipiscing sit Microservices amet porttitor sending to kafka topic twitter-topic
2021-10-25 14:00:43 [pool-1-thread-1] INFO  c.m.d.k.p.c.s.i.TwitterKafkaProducer - Sending message='{"userId": 2736119527854818591, "id": 838267491035676208, "text": "ultricies adipiscing sit Microservices amet porttitor", "createdAt": 1635170443000}' to topic='twitter-topic'
2021-10-25 14:00:53 [pool-1-thread-1] INFO  c.m.d.t.t.k.s.l.TwitterKafkaStatusListener - Received status text posuere dolor Maecenas porttitor amet ipsum Java magna purus consectetuer purus posuere sending to kafka topic twitter-topic
2021-10-25 14:00:53 [pool-1-thread-1] INFO  c.m.d.k.p.c.s.i.TwitterKafkaProducer - Sending message='{"userId": 5734778193061997023, "id": 1894203017148562888, "text": "posuere dolor Maecenas porttitor amet ipsum Java magna purus consectetuer purus posuere", "createdAt": 1635170453000}' to topic='twitter-topic'
2021-10-25 14:01:03 [pool-1-thread-1] INFO  c.m.d.t.t.k.s.l.TwitterKafkaStatusListener - Received status text malesuada lectus porttitor malesuada elit Microservices purus posuere porttitor congue sending to kafka topic twitter-topic
2021-10-25 14:01:03 [pool-1-thread-1] INFO  c.m.d.k.p.c.s.i.TwitterKafkaProducer - Sending message='{"userId": 7415290741031158900, "id": 1762975303953341733, "text": "malesuada lectus porttitor malesuada elit Microservices purus posuere porttitor congue", "createdAt": 1635170463000}' to topic='twitter-topic'
2021-10-25 14:01:13 [pool-1-thread-1] INFO  c.m.d.t.t.k.s.l.TwitterKafkaStatusListener - Received status text posuere Maecenas magna congue purus sed Java ipsum dolor purus dolor congue sending to kafka topic twitter-topic
2021-10-25 14:01:13 [pool-1-thread-1] INFO  c.m.d.k.p.c.s.i.TwitterKafkaProducer - Sending message='{"userId": 8516353028109923076, "id": 2667903941443071063, "text": "posuere Maecenas magna congue purus sed Java ipsum dolor purus dolor congue", "createdAt": 1635170473000}' to topic='twitter-topic'
2021-10-25 14:01:23 [pool-1-thread-1] INFO  c.m.d.t.t.k.s.l.TwitterKafkaStatusListener - Received status text Maecenas Fusce ipsum posuere elit lectus Elasticsearch dolor purus malesuada adipiscing amet sending to kafka topic twitter-topic
2021-10-25 14:01:23 [pool-1-thread-1] INFO  c.m.d.k.p.c.s.i.TwitterKafkaProducer - Sending message='{"userId": 300310581980500744, "id": 8527912994883219897, "text": "Maecenas Fusce ipsum posuere elit lectus Elasticsearch dolor purus malesuada adipiscing amet", "createdAt": 1635170483000}' to topic='twitter-topic'
2021-10-25 14:01:33 [pool-1-thread-1] INFO  c.m.d.t.t.k.s.l.TwitterKafkaStatusListener - Received status text amet lectus congue Elasticsearch adipiscing amet sending to kafka topic twitter-topic
2021-10-25 14:01:33 [pool-1-thread-1] INFO  c.m.d.k.p.c.s.i.TwitterKafkaProducer - Sending message='{"userId": 1335456400434127641, "id": 898027905246596290, "text": "amet lectus congue Elasticsearch adipiscing amet", "createdAt": 1635170493000}' to topic='twitter-topic'
2021-10-25 14:01:43 [pool-1-thread-1] INFO  c.m.d.t.t.k.s.l.TwitterKafkaStatusListener - Received status text magna malesuada libero consectetuer dolor congue elit amet Java consectetuer Fusce elit Maecenas ipsum elit sending to kafka topic twitter-topic
2021-10-25 14:01:43 [pool-1-thread-1] INFO  c.m.d.k.p.c.s.i.TwitterKafkaProducer - Sending message='{"userId": 6692950878045456914, "id": 1243154179174708419, "text": "magna malesuada libero consectetuer dolor congue elit amet Java consectetuer Fusce elit Maecenas ipsum elit", "createdAt": 1635170503000}' to topic='twitter-topic'
2021-10-25 14:01:53 [pool-1-thread-1] INFO  c.m.d.t.t.k.s.l.TwitterKafkaStatusListener - Received status text malesuada consectetuer ipsum porttitor dolor dolor ultricies Elasticsearch ipsum adipiscing amet malesuada consectetuer magna sending to kafka topic twitter-topic
2021-10-25 14:01:53 [pool-1-thread-1] INFO  c.m.d.k.p.c.s.i.TwitterKafkaProducer - Sending message='{"userId": 6693973661136013768, "id": 7623338653972991463, "text": "malesuada consectetuer ipsum porttitor dolor dolor ultricies Elasticsearch ipsum adipiscing amet malesuada consectetuer magna", "createdAt": 1635170513000}' to topic='twitter-topic'
2021-10-25 14:02:03 [pool-1-thread-1] INFO  c.m.d.t.t.k.s.l.TwitterKafkaStatusListener - Received status text elit malesuada posuere ipsum Microservices Maecenas purus sending to kafka topic twitter-topic
2021-10-25 14:02:03 [pool-1-thread-1] INFO  c.m.d.k.p.c.s.i.TwitterKafkaProducer - Sending message='{"userId": 1296181270777312848, "id": 7301105126695722886, "text": "elit malesuada posuere ipsum Microservices Maecenas purus", "createdAt": 1635170523000}' to topic='twitter-topic'
2021-10-25 14:02:13 [pool-1-thread-1] INFO  c.m.d.t.t.k.s.l.TwitterKafkaStatusListener - Received status text sed Lorem amet malesuada porttitor lectus Java elit Lorem sed malesuada elit sending to kafka topic twitter-topic
2021-10-25 14:02:13 [pool-1-thread-1] INFO  c.m.d.k.p.c.s.i.TwitterKafkaProducer - Sending message='{"userId": 5292101845703991728, "id": 5672474065836970764, "text": "sed Lorem amet malesuada porttitor lectus Java elit Lorem sed malesuada elit", "createdAt": 1635170533000}' to topic='twitter-topic'
2021-10-25 14:02:23 [pool-1-thread-1] INFO  c.m.d.t.t.k.s.l.TwitterKafkaStatusListener - Received status text dolor sit sit consectetuer Elasticsearch libero Lorem sending to kafka topic twitter-topic
2021-10-25 14:02:23 [pool-1-thread-1] INFO  c.m.d.k.p.c.s.i.TwitterKafkaProducer - Sending message='{"userId": 5999110724545077537, "id": 720268876532667619, "text": "dolor sit sit consectetuer Elasticsearch libero Lorem", "createdAt": 1635170543000}' to topic='twitter-topic'
2021-10-25 14:02:33 [pool-1-thread-1] INFO  c.m.d.t.t.k.s.l.TwitterKafkaStatusListener - Received status text magna purus Lorem adipiscing pulvinar adipiscing Elasticsearch congue sed Fusce libero consectetuer sending to kafka topic twitter-topic
2021-10-25 14:02:33 [pool-1-thread-1] INFO  c.m.d.k.p.c.s.i.TwitterKafkaProducer - Sending message='{"userId": 2009274725665929978, "id": 1287803512256847342, "text": "magna purus Lorem adipiscing pulvinar adipiscing Elasticsearch congue sed Fusce libero consectetuer", "createdAt": 1635170553000}' to topic='twitter-topic'
2021-10-25 14:02:43 [pool-1-thread-1] INFO  c.m.d.t.t.k.s.l.TwitterKafkaStatusListener - Received status text consectetuer sit ultricies Microservices pulvinar consectetuer sending to kafka topic twitter-topic
2021-10-25 14:02:43 [pool-1-thread-1] INFO  c.m.d.k.p.c.s.i.TwitterKafkaProducer - Sending message='{"userId": 3011284069817799604, "id": 6799278174185083969, "text": "consectetuer sit ultricies Microservices pulvinar consectetuer", "createdAt": 1635170563000}' to topic='twitter-topic'
2021-10-25 14:02:53 [pool-1-thread-1] INFO  c.m.d.t.t.k.s.l.TwitterKafkaStatusListener - Received status text elit Lorem purus porttitor dolor elit Elasticsearch purus sit elit ultricies elit sending to kafka topic twitter-topic
2021-10-25 14:02:53 [pool-1-thread-1] INFO  c.m.d.k.p.c.s.i.TwitterKafkaProducer - Sending message='{"userId": 5845333014643057537, "id": 7791902371635842344, "text": "elit Lorem purus porttitor dolor elit Elasticsearch purus sit elit ultricies elit", "createdAt": 1635170573000}' to topic='twitter-topic'
2021-10-25 14:03:03 [pool-1-thread-1] INFO  c.m.d.t.t.k.s.l.TwitterKafkaStatusListener - Received status text Maecenas purus massa elit ultricies dolor sed Elasticsearch ultricies dolor adipiscing sit sed sending to kafka topic twitter-topic
2021-10-25 14:03:03 [pool-1-thread-1] INFO  c.m.d.k.p.c.s.i.TwitterKafkaProducer - Sending message='{"userId": 4199275132010306537, "id": 4394013849770298178, "text": "Maecenas purus massa elit ultricies dolor sed Elasticsearch ultricies dolor adipiscing sit sed", "createdAt": 1635170583000}' to topic='twitter-topic'
2021-10-25 14:03:13 [pool-1-thread-1] INFO  c.m.d.t.t.k.s.l.TwitterKafkaStatusListener - Received status text libero lectus dolor posuere Java pulvinar adipiscing ipsum sending to kafka topic twitter-topic
2021-10-25 14:03:13 [pool-1-thread-1] INFO  c.m.d.k.p.c.s.i.TwitterKafkaProducer - Sending message='{"userId": 7518021416950729646, "id": 6683665963581092375, "text": "libero lectus dolor posuere Java pulvinar adipiscing ipsum", "createdAt": 1635170593000}' to topic='twitter-topic'
2021-10-25 14:03:23 [pool-1-thread-1] INFO  c.m.d.t.t.k.s.l.TwitterKafkaStatusListener - Received status text adipiscing libero Fusce purus elit Kafka pulvinar Lorem dolor sending to kafka topic twitter-topic
2021-10-25 14:03:23 [pool-1-thread-1] INFO  c.m.d.k.p.c.s.i.TwitterKafkaProducer - Sending message='{"userId": 2466290390746408613, "id": 4842352367137519987, "text": "adipiscing libero Fusce purus elit Kafka pulvinar Lorem dolor", "createdAt": 1635170603000}' to topic='twitter-topic'
2021-10-25 14:03:33 [pool-1-thread-1] INFO  c.m.d.t.t.k.s.l.TwitterKafkaStatusListener - Received status text consectetuer amet Maecenas Maecenas Elasticsearch ultricies elit sit sending to kafka topic twitter-topic
2021-10-25 14:03:33 [pool-1-thread-1] INFO  c.m.d.k.p.c.s.i.TwitterKafkaProducer - Sending message='{"userId": 6862211335971525214, "id": 4791330021703230295, "text": "consectetuer amet Maecenas Maecenas Elasticsearch ultricies elit sit", "createdAt": 1635170613000}' to topic='twitter-topic'
2021-10-25 14:03:43 [pool-1-thread-1] INFO  c.m.d.t.t.k.s.l.TwitterKafkaStatusListener - Received status text libero lectus consectetuer consectetuer Maecenas adipiscing Microservices dolor lectus sit elit sending to kafka topic twitter-topic
2021-10-25 14:03:43 [pool-1-thread-1] INFO  c.m.d.k.p.c.s.i.TwitterKafkaProducer - Sending message='{"userId": 8172774419921916474, "id": 610827297261610023, "text": "libero lectus consectetuer consectetuer Maecenas adipiscing Microservices dolor lectus sit elit", "createdAt": 1635170623000}' to topic='twitter-topic'
2021-10-25 14:03:53 [pool-1-thread-1] INFO  c.m.d.t.t.k.s.l.TwitterKafkaStatusListener - Received status text pulvinar Lorem massa dolor Kafka pulvinar adipiscing sending to kafka topic twitter-topic
2021-10-25 14:03:53 [pool-1-thread-1] INFO  c.m.d.k.p.c.s.i.TwitterKafkaProducer - Sending message='{"userId": 5785923613570892218, "id": 4454413375764380861, "text": "pulvinar Lorem massa dolor Kafka pulvinar adipiscing", "createdAt": 1635170633000}' to topic='twitter-topic'
2021-10-25 14:04:03 [pool-1-thread-1] INFO  c.m.d.t.t.k.s.l.TwitterKafkaStatusListener - Received status text congue libero Fusce sed posuere Lorem magna amet Java malesuada Fusce elit malesuada malesuada consectetuer dolor sending to kafka topic twitter-topic
2021-10-25 14:04:03 [pool-1-thread-1] INFO  c.m.d.k.p.c.s.i.TwitterKafkaProducer - Sending message='{"userId": 8650346129532165047, "id": 2832932035732185574, "text": "congue libero Fusce sed posuere Lorem magna amet Java malesuada Fusce elit malesuada malesuada consectetuer dolor", "createdAt": 1635170643000}' to topic='twitter-topic'
2021-10-25 14:04:13 [pool-1-thread-1] INFO  c.m.d.t.t.k.s.l.TwitterKafkaStatusListener - Received status text sed purus dolor dolor Kafka Fusce Fusce ultricies sending to kafka topic twitter-topic
2021-10-25 14:04:13 [pool-1-thread-1] INFO  c.m.d.k.p.c.s.i.TwitterKafkaProducer - Sending message='{"userId": 7003887136154030463, "id": 1329230194405881269, "text": "sed purus dolor dolor Kafka Fusce Fusce ultricies", "createdAt": 1635170653000}' to topic='twitter-topic'
2021-10-25 14:04:23 [pool-1-thread-1] INFO  c.m.d.t.t.k.s.l.TwitterKafkaStatusListener - Received status text magna Maecenas Maecenas lectus massa consectetuer Fusce Kafka ipsum malesuada Lorem purus Fusce sending to kafka topic twitter-topic
2021-10-25 14:04:23 [pool-1-thread-1] INFO  c.m.d.k.p.c.s.i.TwitterKafkaProducer - Sending message='{"userId": 1199251233434889833, "id": 143662344728745573, "text": "magna Maecenas Maecenas lectus massa consectetuer Fusce Kafka ipsum malesuada Lorem purus Fusce", "createdAt": 1635170663000}' to topic='twitter-topic'
2021-10-25 14:04:33 [pool-1-thread-1] INFO  c.m.d.t.t.k.s.l.TwitterKafkaStatusListener - Received status text dolor purus ultricies sit purus ultricies Microservices elit Maecenas purus porttitor sed sending to kafka topic twitter-topic
2021-10-25 14:04:33 [pool-1-thread-1] INFO  c.m.d.k.p.c.s.i.TwitterKafkaProducer - Sending message='{"userId": 1565628821124897390, "id": 9213336359031583722, "text": "dolor purus ultricies sit purus ultricies Microservices elit Maecenas purus porttitor sed", "createdAt": 1635170673000}' to topic='twitter-topic'
2021-10-25 14:04:43 [pool-1-thread-1] INFO  c.m.d.t.t.k.s.l.TwitterKafkaStatusListener - Received status text consectetuer porttitor congue porttitor ultricies massa Java consectetuer posuere dolor amet Fusce sending to kafka topic twitter-topic
2021-10-25 14:04:43 [pool-1-thread-1] INFO  c.m.d.k.p.c.s.i.TwitterKafkaProducer - Sending message='{"userId": 8668793835640922656, "id": 4180851334298567201, "text": "consectetuer porttitor congue porttitor ultricies massa Java consectetuer posuere dolor amet Fusce", "createdAt": 1635170683000}' to topic='twitter-topic'
2021-10-25 14:04:53 [pool-1-thread-1] INFO  c.m.d.t.t.k.s.l.TwitterKafkaStatusListener - Received status text consectetuer lectus ipsum porttitor Microservices libero magna sending to kafka topic twitter-topic
2021-10-25 14:04:53 [pool-1-thread-1] INFO  c.m.d.k.p.c.s.i.TwitterKafkaProducer - Sending message='{"userId": 4298876878842836814, "id": 2362144406710921432, "text": "consectetuer lectus ipsum porttitor Microservices libero magna", "createdAt": 1635170693000}' to topic='twitter-topic'
2021-10-25 14:05:03 [pool-1-thread-1] INFO  c.m.d.t.t.k.s.l.TwitterKafkaStatusListener - Received status text sed pulvinar massa Fusce amet sed congue Lorem Java purus Fusce Maecenas dolor ipsum ipsum massa sending to kafka topic twitter-topic
2021-10-25 14:05:03 [pool-1-thread-1] INFO  c.m.d.k.p.c.s.i.TwitterKafkaProducer - Sending message='{"userId": 7831824101789267809, "id": 4552530862743570935, "text": "sed pulvinar massa Fusce amet sed congue Lorem Java purus Fusce Maecenas dolor ipsum ipsum massa", "createdAt": 1635170703000}' to topic='twitter-topic'
2021-10-25 14:05:13 [pool-1-thread-1] INFO  c.m.d.t.t.k.s.l.TwitterKafkaStatusListener - Received status text malesuada consectetuer lectus sed Fusce massa sed Java congue malesuada consectetuer sit ipsum adipiscing sending to kafka topic twitter-topic
2021-10-25 14:05:13 [pool-1-thread-1] INFO  c.m.d.k.p.c.s.i.TwitterKafkaProducer - Sending message='{"userId": 2870214470856431810, "id": 2458844945976607427, "text": "malesuada consectetuer lectus sed Fusce massa sed Java congue malesuada consectetuer sit ipsum adipiscing", "createdAt": 1635170713000}' to topic='twitter-topic'
2021-10-25 14:05:23 [pool-1-thread-1] INFO  c.m.d.t.t.k.s.l.TwitterKafkaStatusListener - Received status text Lorem amet Lorem Lorem lectus Microservices posuere porttitor posuere sit sending to kafka topic twitter-topic
2021-10-25 14:05:23 [pool-1-thread-1] INFO  c.m.d.k.p.c.s.i.TwitterKafkaProducer - Sending message='{"userId": 1430061224121929826, "id": 8678649455476795027, "text": "Lorem amet Lorem Lorem lectus Microservices posuere porttitor posuere sit", "createdAt": 1635170723000}' to topic='twitter-topic'
2021-10-25 14:05:33 [pool-1-thread-1] INFO  c.m.d.t.t.k.s.l.TwitterKafkaStatusListener - Received status text sed Lorem dolor Elasticsearch Fusce consectetuer sending to kafka topic twitter-topic
2021-10-25 14:05:33 [pool-1-thread-1] INFO  c.m.d.k.p.c.s.i.TwitterKafkaProducer - Sending message='{"userId": 2234075752310252226, "id": 4693191799767204772, "text": "sed Lorem dolor Elasticsearch Fusce consectetuer", "createdAt": 1635170733000}' to topic='twitter-topic'
2021-10-25 14:05:43 [pool-1-thread-1] INFO  c.m.d.t.t.k.s.l.TwitterKafkaStatusListener - Received status text massa adipiscing ipsum ipsum Kafka malesuada consectetuer ipsum sending to kafka topic twitter-topic
2021-10-25 14:05:43 [pool-1-thread-1] INFO  c.m.d.k.p.c.s.i.TwitterKafkaProducer - Sending message='{"userId": 3535623359756141518, "id": 5296428053337721072, "text": "massa adipiscing ipsum ipsum Kafka malesuada consectetuer ipsum", "createdAt": 1635170743000}' to topic='twitter-topic'
2021-10-25 14:05:53 [pool-1-thread-1] INFO  c.m.d.t.t.k.s.l.TwitterKafkaStatusListener - Received status text sit magna magna Fusce adipiscing adipiscing Java massa magna Maecenas magna purus sending to kafka topic twitter-topic
2021-10-25 14:05:53 [pool-1-thread-1] INFO  c.m.d.k.p.c.s.i.TwitterKafkaProducer - Sending message='{"userId": 3180181218753338000, "id": 1172472500074789506, "text": "sit magna magna Fusce adipiscing adipiscing Java massa magna Maecenas magna purus", "createdAt": 1635170753000}' to topic='twitter-topic'
2021-10-25 14:06:03 [pool-1-thread-1] INFO  c.m.d.t.t.k.s.l.TwitterKafkaStatusListener - Received status text ultricies Lorem elit posuere magna porttitor porttitor sed Kafka malesuada ultricies posuere purus dolor ipsum amet sending to kafka topic twitter-topic
2021-10-25 14:06:03 [pool-1-thread-1] INFO  c.m.d.k.p.c.s.i.TwitterKafkaProducer - Sending message='{"userId": 1555044415859241453, "id": 7677615330409033970, "text": "ultricies Lorem elit posuere magna porttitor porttitor sed Kafka malesuada ultricies posuere purus dolor ipsum amet", "createdAt": 1635170763000}' to topic='twitter-topic'
2021-10-25 14:06:13 [pool-1-thread-1] INFO  c.m.d.t.t.k.s.l.TwitterKafkaStatusListener - Received status text purus congue Fusce Fusce ipsum libero porttitor Maecenas Java sit porttitor malesuada congue purus amet sed sending to kafka topic twitter-topic
2021-10-25 14:06:13 [pool-1-thread-1] INFO  c.m.d.k.p.c.s.i.TwitterKafkaProducer - Sending message='{"userId": 5176423704334080898, "id": 4420228654883124268, "text": "purus congue Fusce Fusce ipsum libero porttitor Maecenas Java sit porttitor malesuada congue purus amet sed", "createdAt": 1635170773000}' to topic='twitter-topic'
2021-10-25 14:06:23 [pool-1-thread-1] INFO  c.m.d.t.t.k.s.l.TwitterKafkaStatusListener - Received status text lectus congue malesuada sit Fusce porttitor Kafka pulvinar Lorem Fusce consectetuer sending to kafka topic twitter-topic
2021-10-25 14:06:23 [pool-1-thread-1] INFO  c.m.d.k.p.c.s.i.TwitterKafkaProducer - Sending message='{"userId": 8199456531410832011, "id": 4507237360971006357, "text": "lectus congue malesuada sit Fusce porttitor Kafka pulvinar Lorem Fusce consectetuer", "createdAt": 1635170783000}' to topic='twitter-topic'
2021-10-25 14:06:33 [pool-1-thread-1] INFO  c.m.d.t.t.k.s.l.TwitterKafkaStatusListener - Received status text Fusce libero adipiscing ultricies Maecenas libero Microservices adipiscing elit consectetuer adipiscing sending to kafka topic twitter-topic
2021-10-25 14:06:33 [pool-1-thread-1] INFO  c.m.d.k.p.c.s.i.TwitterKafkaProducer - Sending message='{"userId": 1116611386668526434, "id": 3116276351796797477, "text": "Fusce libero adipiscing ultricies Maecenas libero Microservices adipiscing elit consectetuer adipiscing", "createdAt": 1635170793000}' to topic='twitter-topic'
2021-10-25 14:06:43 [pool-1-thread-1] INFO  c.m.d.t.t.k.s.l.TwitterKafkaStatusListener - Received status text ultricies Maecenas congue massa Microservices Fusce pulvinar libero sending to kafka topic twitter-topic
2021-10-25 14:06:43 [pool-1-thread-1] INFO  c.m.d.k.p.c.s.i.TwitterKafkaProducer - Sending message='{"userId": 2777218132651796288, "id": 8597639004125614613, "text": "ultricies Maecenas congue massa Microservices Fusce pulvinar libero", "createdAt": 1635170803000}' to topic='twitter-topic'
2021-10-25 14:06:53 [pool-1-thread-1] INFO  c.m.d.t.t.k.s.l.TwitterKafkaStatusListener - Received status text massa ipsum massa posuere Fusce posuere sit Elasticsearch purus sit consectetuer adipiscing Fusce sending to kafka topic twitter-topic
2021-10-25 14:06:53 [pool-1-thread-1] INFO  c.m.d.k.p.c.s.i.TwitterKafkaProducer - Sending message='{"userId": 2359754382722770222, "id": 8863088885936290735, "text": "massa ipsum massa posuere Fusce posuere sit Elasticsearch purus sit consectetuer adipiscing Fusce", "createdAt": 1635170813000}' to topic='twitter-topic'
2021-10-25 14:07:03 [pool-1-thread-1] INFO  c.m.d.t.t.k.s.l.TwitterKafkaStatusListener - Received status text Maecenas lectus consectetuer porttitor purus sit porttitor Java dolor lectus purus Lorem magna sending to kafka topic twitter-topic
2021-10-25 14:07:03 [pool-1-thread-1] INFO  c.m.d.k.p.c.s.i.TwitterKafkaProducer - Sending message='{"userId": 5536889010972636812, "id": 8645846795102134777, "text": "Maecenas lectus consectetuer porttitor purus sit porttitor Java dolor lectus purus Lorem magna", "createdAt": 1635170823000}' to topic='twitter-topic'
2021-10-25 14:07:13 [pool-1-thread-1] INFO  c.m.d.t.t.k.s.l.TwitterKafkaStatusListener - Received status text pulvinar posuere posuere pulvinar elit Lorem ipsum Java lectus porttitor adipiscing dolor purus sending to kafka topic twitter-topic
2021-10-25 14:07:13 [pool-1-thread-1] INFO  c.m.d.k.p.c.s.i.TwitterKafkaProducer - Sending message='{"userId": 431761866866751055, "id": 5093016992734103442, "text": "pulvinar posuere posuere pulvinar elit Lorem ipsum Java lectus porttitor adipiscing dolor purus", "createdAt": 1635170833000}' to topic='twitter-topic'
2021-10-25 14:07:23 [pool-1-thread-1] INFO  c.m.d.t.t.k.s.l.TwitterKafkaStatusListener - Received status text amet congue consectetuer ultricies libero amet Fusce malesuada Microservices lectus pulvinar elit Lorem malesuada adipiscing Fusce sending to kafka topic twitter-topic
2021-10-25 14:07:23 [pool-1-thread-1] INFO  c.m.d.k.p.c.s.i.TwitterKafkaProducer - Sending message='{"userId": 7239927487251635351, "id": 5192911002922441881, "text": "amet congue consectetuer ultricies libero amet Fusce malesuada Microservices lectus pulvinar elit Lorem malesuada adipiscing Fusce", "createdAt": 1635170843000}' to topic='twitter-topic'
2021-10-25 14:07:33 [pool-1-thread-1] INFO  c.m.d.t.t.k.s.l.TwitterKafkaStatusListener - Received status text Lorem Fusce congue porttitor purus Kafka Maecenas sed elit sending to kafka topic twitter-topic
2021-10-25 14:07:33 [pool-1-thread-1] INFO  c.m.d.k.p.c.s.i.TwitterKafkaProducer - Sending message='{"userId": 3712762014000343765, "id": 2662096851396569666, "text": "Lorem Fusce congue porttitor purus Kafka Maecenas sed elit", "createdAt": 1635170853000}' to topic='twitter-topic'
2021-10-25 14:07:43 [pool-1-thread-1] INFO  c.m.d.t.t.k.s.l.TwitterKafkaStatusListener - Received status text adipiscing adipiscing ultricies consectetuer lectus amet dolor Elasticsearch magna consectetuer Lorem sit Lorem malesuada sending to kafka topic twitter-topic
2021-10-25 14:07:43 [pool-1-thread-1] INFO  c.m.d.k.p.c.s.i.TwitterKafkaProducer - Sending message='{"userId": 263689770658101435, "id": 4293068838347481765, "text": "adipiscing adipiscing ultricies consectetuer lectus amet dolor Elasticsearch magna consectetuer Lorem sit Lorem malesuada", "createdAt": 1635170863000}' to topic='twitter-topic'
2021-10-25 14:07:53 [pool-1-thread-1] INFO  c.m.d.t.t.k.s.l.TwitterKafkaStatusListener - Received status text pulvinar Maecenas ipsum massa Lorem ipsum Java sit massa massa sed sending to kafka topic twitter-topic
2021-10-25 14:07:53 [pool-1-thread-1] INFO  c.m.d.k.p.c.s.i.TwitterKafkaProducer - Sending message='{"userId": 1668428876042205778, "id": 4943929874390958796, "text": "pulvinar Maecenas ipsum massa Lorem ipsum Java sit massa massa sed", "createdAt": 1635170873000}' to topic='twitter-topic'
2021-10-25 14:08:03 [pool-1-thread-1] INFO  c.m.d.t.t.k.s.l.TwitterKafkaStatusListener - Received status text pulvinar amet magna ultricies congue pulvinar elit Java Maecenas magna ipsum malesuada porttitor sending to kafka topic twitter-topic
2021-10-25 14:08:03 [pool-1-thread-1] INFO  c.m.d.k.p.c.s.i.TwitterKafkaProducer - Sending message='{"userId": 4745747554861404897, "id": 1122881332868802259, "text": "pulvinar amet magna ultricies congue pulvinar elit Java Maecenas magna ipsum malesuada porttitor", "createdAt": 1635170883000}' to topic='twitter-topic'
2021-10-25 14:08:13 [pool-1-thread-1] INFO  c.m.d.t.t.k.s.l.TwitterKafkaStatusListener - Received status text ultricies sit sed libero adipiscing amet elit consectetuer Microservices pulvinar sed Lorem massa adipiscing Maecenas sending to kafka topic twitter-topic
2021-10-25 14:08:13 [pool-1-thread-1] INFO  c.m.d.k.p.c.s.i.TwitterKafkaProducer - Sending message='{"userId": 5370288109599451755, "id": 6270316909406582824, "text": "ultricies sit sed libero adipiscing amet elit consectetuer Microservices pulvinar sed Lorem massa adipiscing Maecenas", "createdAt": 1635170893000}' to topic='twitter-topic'
2021-10-25 14:08:23 [pool-1-thread-1] INFO  c.m.d.t.t.k.s.l.TwitterKafkaStatusListener - Received status text ultricies congue dolor ipsum amet sit consectetuer consectetuer Microservices porttitor ipsum Maecenas dolor sed pulvinar sending to kafka topic twitter-topic
2021-10-25 14:08:23 [pool-1-thread-1] INFO  c.m.d.k.p.c.s.i.TwitterKafkaProducer - Sending message='{"userId": 1350559383499994381, "id": 7766720331984877569, "text": "ultricies congue dolor ipsum amet sit consectetuer consectetuer Microservices porttitor ipsum Maecenas dolor sed pulvinar", "createdAt": 1635170903000}' to topic='twitter-topic'
2021-10-25 14:08:33 [pool-1-thread-1] INFO  c.m.d.t.t.k.s.l.TwitterKafkaStatusListener - Received status text dolor malesuada ultricies ipsum ipsum Java dolor pulvinar porttitor elit sending to kafka topic twitter-topic
2021-10-25 14:08:33 [pool-1-thread-1] INFO  c.m.d.k.p.c.s.i.TwitterKafkaProducer - Sending message='{"userId": 5459374737600619337, "id": 4810004893158067162, "text": "dolor malesuada ultricies ipsum ipsum Java dolor pulvinar porttitor elit", "createdAt": 1635170913000}' to topic='twitter-topic'
2021-10-25 14:08:43 [pool-1-thread-1] INFO  c.m.d.t.t.k.s.l.TwitterKafkaStatusListener - Received status text elit ultricies Fusce adipiscing Elasticsearch Lorem pulvinar sending to kafka topic twitter-topic
2021-10-25 14:08:43 [pool-1-thread-1] INFO  c.m.d.k.p.c.s.i.TwitterKafkaProducer - Sending message='{"userId": 6091112872338542060, "id": 1426360288664361822, "text": "elit ultricies Fusce adipiscing Elasticsearch Lorem pulvinar", "createdAt": 1635170923000}' to topic='twitter-topic'
2021-10-25 14:08:53 [pool-1-thread-1] INFO  c.m.d.t.t.k.s.l.TwitterKafkaStatusListener - Received status text purus ultricies magna malesuada Maecenas libero Microservices lectus purus amet congue congue sending to kafka topic twitter-topic
2021-10-25 14:08:53 [pool-1-thread-1] INFO  c.m.d.k.p.c.s.i.TwitterKafkaProducer - Sending message='{"userId": 6397119530898321729, "id": 7449998103754834617, "text": "purus ultricies magna malesuada Maecenas libero Microservices lectus purus amet congue congue", "createdAt": 1635170933000}' to topic='twitter-topic'
2021-10-25 14:09:03 [pool-1-thread-1] INFO  c.m.d.t.t.k.s.l.TwitterKafkaStatusListener - Received status text Lorem Maecenas Maecenas consectetuer Microservices ultricies massa sending to kafka topic twitter-topic
2021-10-25 14:09:03 [pool-1-thread-1] INFO  c.m.d.k.p.c.s.i.TwitterKafkaProducer - Sending message='{"userId": 2987607658037857606, "id": 5709684168644789320, "text": "Lorem Maecenas Maecenas consectetuer Microservices ultricies massa", "createdAt": 1635170943000}' to topic='twitter-topic'
2021-10-25 14:09:13 [pool-1-thread-1] INFO  c.m.d.t.t.k.s.l.TwitterKafkaStatusListener - Received status text consectetuer purus lectus purus Java sed ultricies sed sending to kafka topic twitter-topic
2021-10-25 14:09:13 [pool-1-thread-1] INFO  c.m.d.k.p.c.s.i.TwitterKafkaProducer - Sending message='{"userId": 1767005335838782623, "id": 8841901266995314723, "text": "consectetuer purus lectus purus Java sed ultricies sed", "createdAt": 1635170953000}' to topic='twitter-topic'
2021-10-25 14:09:23 [pool-1-thread-1] INFO  c.m.d.t.t.k.s.l.TwitterKafkaStatusListener - Received status text magna libero congue sed dolor Maecenas Java Fusce lectus massa malesuada sed sending to kafka topic twitter-topic
2021-10-25 14:09:23 [pool-1-thread-1] INFO  c.m.d.k.p.c.s.i.TwitterKafkaProducer - Sending message='{"userId": 2135317851017374165, "id": 6719642807669061290, "text": "magna libero congue sed dolor Maecenas Java Fusce lectus massa malesuada sed", "createdAt": 1635170963000}' to topic='twitter-topic'
2021-10-25 14:09:33 [pool-1-thread-1] INFO  c.m.d.t.t.k.s.l.TwitterKafkaStatusListener - Received status text purus porttitor libero Java pulvinar sed sending to kafka topic twitter-topic
2021-10-25 14:09:33 [pool-1-thread-1] INFO  c.m.d.k.p.c.s.i.TwitterKafkaProducer - Sending message='{"userId": 7725304933967962272, "id": 2757215673907918895, "text": "purus porttitor libero Java pulvinar sed", "createdAt": 1635170973000}' to topic='twitter-topic'
2021-10-25 14:09:43 [pool-1-thread-1] INFO  c.m.d.t.t.k.s.l.TwitterKafkaStatusListener - Received status text pulvinar magna dolor amet sed ultricies Lorem Elasticsearch porttitor amet Fusce libero purus sending to kafka topic twitter-topic
2021-10-25 14:09:43 [pool-1-thread-1] INFO  c.m.d.k.p.c.s.i.TwitterKafkaProducer - Sending message='{"userId": 956309530550443742, "id": 4903358446141446315, "text": "pulvinar magna dolor amet sed ultricies Lorem Elasticsearch porttitor amet Fusce libero purus", "createdAt": 1635170983000}' to topic='twitter-topic'
2021-10-25 14:09:53 [pool-1-thread-1] INFO  c.m.d.t.t.k.s.l.TwitterKafkaStatusListener - Received status text congue ipsum malesuada consectetuer malesuada elit Java adipiscing pulvinar purus dolor pulvinar sending to kafka topic twitter-topic
2021-10-25 14:09:53 [pool-1-thread-1] INFO  c.m.d.k.p.c.s.i.TwitterKafkaProducer - Sending message='{"userId": 6749727716364729839, "id": 8423118208175920250, "text": "congue ipsum malesuada consectetuer malesuada elit Java adipiscing pulvinar purus dolor pulvinar", "createdAt": 1635170993000}' to topic='twitter-topic'
2021-10-25 14:10:03 [pool-1-thread-1] INFO  c.m.d.t.t.k.s.l.TwitterKafkaStatusListener - Received status text massa consectetuer malesuada posuere adipiscing amet Java dolor adipiscing massa elit Lorem sending to kafka topic twitter-topic
2021-10-25 14:10:03 [pool-1-thread-1] INFO  c.m.d.k.p.c.s.i.TwitterKafkaProducer - Sending message='{"userId": 4091143605257390425, "id": 4345403316284332120, "text": "massa consectetuer malesuada posuere adipiscing amet Java dolor adipiscing massa elit Lorem", "createdAt": 1635171003000}' to topic='twitter-topic'
2021-10-25 14:10:13 [pool-1-thread-1] INFO  c.m.d.t.t.k.s.l.TwitterKafkaStatusListener - Received status text lectus elit libero Java dolor malesuada sending to kafka topic twitter-topic
2021-10-25 14:10:13 [pool-1-thread-1] INFO  c.m.d.k.p.c.s.i.TwitterKafkaProducer - Sending message='{"userId": 1482214487584101760, "id": 4932622792270600047, "text": "lectus elit libero Java dolor malesuada", "createdAt": 1635171013000}' to topic='twitter-topic'
2021-10-25 14:10:23 [pool-1-thread-1] INFO  c.m.d.t.t.k.s.l.TwitterKafkaStatusListener - Received status text Maecenas adipiscing lectus Lorem porttitor elit ipsum Java Maecenas sed ultricies porttitor Lorem sending to kafka topic twitter-topic
2021-10-25 14:10:23 [pool-1-thread-1] INFO  c.m.d.k.p.c.s.i.TwitterKafkaProducer - Sending message='{"userId": 8836877120457857358, "id": 7966577157705363757, "text": "Maecenas adipiscing lectus Lorem porttitor elit ipsum Java Maecenas sed ultricies porttitor Lorem", "createdAt": 1635171023000}' to topic='twitter-topic'
2021-10-25 14:10:33 [pool-1-thread-1] INFO  c.m.d.t.t.k.s.l.TwitterKafkaStatusListener - Received status text ipsum sed posuere pulvinar amet Lorem Maecenas posuere Elasticsearch consectetuer Fusce ipsum adipiscing lectus consectetuer pulvinar sending to kafka topic twitter-topic
2021-10-25 14:10:33 [pool-1-thread-1] INFO  c.m.d.k.p.c.s.i.TwitterKafkaProducer - Sending message='{"userId": 7919614717720806932, "id": 6780621834157115145, "text": "ipsum sed posuere pulvinar amet Lorem Maecenas posuere Elasticsearch consectetuer Fusce ipsum adipiscing lectus consectetuer pulvinar", "createdAt": 1635171033000}' to topic='twitter-topic'
2021-10-25 14:10:43 [pool-1-thread-1] INFO  c.m.d.t.t.k.s.l.TwitterKafkaStatusListener - Received status text Fusce massa libero congue sed sed Kafka Maecenas Maecenas dolor purus sending to kafka topic twitter-topic
2021-10-25 14:10:43 [pool-1-thread-1] INFO  c.m.d.k.p.c.s.i.TwitterKafkaProducer - Sending message='{"userId": 4855788356877673665, "id": 8830227506623635307, "text": "Fusce massa libero congue sed sed Kafka Maecenas Maecenas dolor purus", "createdAt": 1635171043000}' to topic='twitter-topic'
2021-10-25 14:10:53 [pool-1-thread-1] INFO  c.m.d.t.t.k.s.l.TwitterKafkaStatusListener - Received status text lectus lectus purus Maecenas Fusce consectetuer consectetuer Elasticsearch adipiscing magna porttitor sed ipsum libero sending to kafka topic twitter-topic
2021-10-25 14:10:53 [pool-1-thread-1] INFO  c.m.d.k.p.c.s.i.TwitterKafkaProducer - Sending message='{"userId": 8764511660324885634, "id": 8503208626377027487, "text": "lectus lectus purus Maecenas Fusce consectetuer consectetuer Elasticsearch adipiscing magna porttitor sed ipsum libero", "createdAt": 1635171053000}' to topic='twitter-topic'
2021-10-25 14:11:03 [pool-1-thread-1] INFO  c.m.d.t.t.k.s.l.TwitterKafkaStatusListener - Received status text lectus libero posuere dolor adipiscing elit dolor porttitor Kafka lectus Fusce porttitor adipiscing posuere congue Lorem sending to kafka topic twitter-topic
2021-10-25 14:11:03 [pool-1-thread-1] INFO  c.m.d.k.p.c.s.i.TwitterKafkaProducer - Sending message='{"userId": 3798644291888093766, "id": 1679981084612044295, "text": "lectus libero posuere dolor adipiscing elit dolor porttitor Kafka lectus Fusce porttitor adipiscing posuere congue Lorem", "createdAt": 1635171063000}' to topic='twitter-topic'
2021-10-25 14:11:13 [pool-1-thread-1] INFO  c.m.d.t.t.k.s.l.TwitterKafkaStatusListener - Received status text ultricies massa ultricies Maecenas Lorem purus Elasticsearch posuere ipsum purus dolor sending to kafka topic twitter-topic
2021-10-25 14:11:13 [pool-1-thread-1] INFO  c.m.d.k.p.c.s.i.TwitterKafkaProducer - Sending message='{"userId": 1127485136152347837, "id": 8357087950009281494, "text": "ultricies massa ultricies Maecenas Lorem purus Elasticsearch posuere ipsum purus dolor", "createdAt": 1635171073000}' to topic='twitter-topic'
2021-10-25 14:11:23 [pool-1-thread-1] INFO  c.m.d.t.t.k.s.l.TwitterKafkaStatusListener - Received status text Fusce sit posuere sed Kafka sit adipiscing sending to kafka topic twitter-topic
2021-10-25 14:11:23 [pool-1-thread-1] INFO  c.m.d.k.p.c.s.i.TwitterKafkaProducer - Sending message='{"userId": 6707537951165188337, "id": 3163428266158884710, "text": "Fusce sit posuere sed Kafka sit adipiscing", "createdAt": 1635171083000}' to topic='twitter-topic'
2021-10-25 14:11:33 [pool-1-thread-1] INFO  c.m.d.t.t.k.s.l.TwitterKafkaStatusListener - Received status text posuere magna ultricies malesuada Java amet elit sending to kafka topic twitter-topic
2021-10-25 14:11:33 [pool-1-thread-1] INFO  c.m.d.k.p.c.s.i.TwitterKafkaProducer - Sending message='{"userId": 4551793959004214976, "id": 1405421772828119771, "text": "posuere magna ultricies malesuada Java amet elit", "createdAt": 1635171093000}' to topic='twitter-topic'
2021-10-25 14:11:43 [pool-1-thread-1] INFO  c.m.d.t.t.k.s.l.TwitterKafkaStatusListener - Received status text lectus sit magna elit elit Java porttitor sit libero pulvinar sending to kafka topic twitter-topic
2021-10-25 14:11:43 [pool-1-thread-1] INFO  c.m.d.k.p.c.s.i.TwitterKafkaProducer - Sending message='{"userId": 3313369845297949778, "id": 1060691171218707724, "text": "lectus sit magna elit elit Java porttitor sit libero pulvinar", "createdAt": 1635171103000}' to topic='twitter-topic'
2021-10-25 14:11:53 [pool-1-thread-1] INFO  c.m.d.t.t.k.s.l.TwitterKafkaStatusListener - Received status text adipiscing sed adipiscing Elasticsearch sit libero sending to kafka topic twitter-topic
2021-10-25 14:11:53 [pool-1-thread-1] INFO  c.m.d.k.p.c.s.i.TwitterKafkaProducer - Sending message='{"userId": 2467697643571897450, "id": 3173154339751104852, "text": "adipiscing sed adipiscing Elasticsearch sit libero", "createdAt": 1635171113000}' to topic='twitter-topic'
2021-10-25 14:12:03 [pool-1-thread-1] INFO  c.m.d.t.t.k.s.l.TwitterKafkaStatusListener - Received status text ipsum pulvinar massa pulvinar Fusce amet ultricies Elasticsearch amet adipiscing adipiscing consectetuer pulvinar lectus sending to kafka topic twitter-topic
2021-10-25 14:12:03 [pool-1-thread-1] INFO  c.m.d.k.p.c.s.i.TwitterKafkaProducer - Sending message='{"userId": 1679119971640346440, "id": 8846002577590954305, "text": "ipsum pulvinar massa pulvinar Fusce amet ultricies Elasticsearch amet adipiscing adipiscing consectetuer pulvinar lectus", "createdAt": 1635171123000}' to topic='twitter-topic'
2021-10-25 14:12:13 [pool-1-thread-1] INFO  c.m.d.t.t.k.s.l.TwitterKafkaStatusListener - Received status text Fusce magna purus ultricies ultricies porttitor pulvinar consectetuer Microservices libero pulvinar amet Maecenas Maecenas ultricies sending to kafka topic twitter-topic
2021-10-25 14:12:13 [pool-1-thread-1] INFO  c.m.d.k.p.c.s.i.TwitterKafkaProducer - Sending message='{"userId": 87412379673734437, "id": 7704822050499580572, "text": "Fusce magna purus ultricies ultricies porttitor pulvinar consectetuer Microservices libero pulvinar amet Maecenas Maecenas ultricies", "createdAt": 1635171133000}' to topic='twitter-topic'
2021-10-25 14:12:23 [pool-1-thread-1] INFO  c.m.d.t.t.k.s.l.TwitterKafkaStatusListener - Received status text ultricies lectus consectetuer malesuada congue Elasticsearch sed sed Maecenas ipsum sending to kafka topic twitter-topic
2021-10-25 14:12:23 [pool-1-thread-1] INFO  c.m.d.k.p.c.s.i.TwitterKafkaProducer - Sending message='{"userId": 6592789121105660606, "id": 9115624552245953707, "text": "ultricies lectus consectetuer malesuada congue Elasticsearch sed sed Maecenas ipsum", "createdAt": 1635171143000}' to topic='twitter-topic'
2021-10-25 14:12:33 [pool-1-thread-1] INFO  c.m.d.t.t.k.s.l.TwitterKafkaStatusListener - Received status text ipsum amet malesuada pulvinar libero Microservices sit ipsum magna sit sending to kafka topic twitter-topic
2021-10-25 14:12:33 [pool-1-thread-1] INFO  c.m.d.k.p.c.s.i.TwitterKafkaProducer - Sending message='{"userId": 366677969588425383, "id": 915991949114968662, "text": "ipsum amet malesuada pulvinar libero Microservices sit ipsum magna sit", "createdAt": 1635171153000}' to topic='twitter-topic'
2021-10-25 14:12:43 [pool-1-thread-1] INFO  c.m.d.t.t.k.s.l.TwitterKafkaStatusListener - Received status text ipsum sed libero Java porttitor magna sending to kafka topic twitter-topic
2021-10-25 14:12:43 [pool-1-thread-1] INFO  c.m.d.k.p.c.s.i.TwitterKafkaProducer - Sending message='{"userId": 3779648968601288415, "id": 7444537880775940984, "text": "ipsum sed libero Java porttitor magna", "createdAt": 1635171163000}' to topic='twitter-topic'
2021-10-25 14:12:53 [pool-1-thread-1] INFO  c.m.d.t.t.k.s.l.TwitterKafkaStatusListener - Received status text magna dolor ipsum consectetuer Kafka Fusce Fusce sending to kafka topic twitter-topic
2021-10-25 14:12:53 [pool-1-thread-1] INFO  c.m.d.k.p.c.s.i.TwitterKafkaProducer - Sending message='{"userId": 7485576602491921897, "id": 7677398922760417027, "text": "magna dolor ipsum consectetuer Kafka Fusce Fusce", "createdAt": 1635171173000}' to topic='twitter-topic'
2021-10-25 14:13:03 [pool-1-thread-1] INFO  c.m.d.t.t.k.s.l.TwitterKafkaStatusListener - Received status text magna Fusce massa sed libero magna libero Elasticsearch Lorem libero consectetuer consectetuer posuere sending to kafka topic twitter-topic
2021-10-25 14:13:03 [pool-1-thread-1] INFO  c.m.d.k.p.c.s.i.TwitterKafkaProducer - Sending message='{"userId": 2605135510600243464, "id": 212042684098416383, "text": "magna Fusce massa sed libero magna libero Elasticsearch Lorem libero consectetuer consectetuer posuere", "createdAt": 1635171183000}' to topic='twitter-topic'
2021-10-25 14:13:13 [pool-1-thread-1] INFO  c.m.d.t.t.k.s.l.TwitterKafkaStatusListener - Received status text massa posuere Maecenas Lorem malesuada magna Elasticsearch posuere libero Fusce sit sending to kafka topic twitter-topic
2021-10-25 14:13:13 [pool-1-thread-1] INFO  c.m.d.k.p.c.s.i.TwitterKafkaProducer - Sending message='{"userId": 1147952162530217293, "id": 8456936632756582508, "text": "massa posuere Maecenas Lorem malesuada magna Elasticsearch posuere libero Fusce sit", "createdAt": 1635171193000}' to topic='twitter-topic'
2021-10-25 14:13:23 [pool-1-thread-1] INFO  c.m.d.t.t.k.s.l.TwitterKafkaStatusListener - Received status text sed malesuada sit libero Kafka Maecenas Maecenas sending to kafka topic twitter-topic
2021-10-25 14:13:23 [pool-1-thread-1] INFO  c.m.d.k.p.c.s.i.TwitterKafkaProducer - Sending message='{"userId": 7143620628917137807, "id": 1831110111995691159, "text": "sed malesuada sit libero Kafka Maecenas Maecenas", "createdAt": 1635171203000}' to topic='twitter-topic'
2021-10-25 14:13:33 [pool-1-thread-1] INFO  c.m.d.t.t.k.s.l.TwitterKafkaStatusListener - Received status text purus dolor elit consectetuer Kafka elit Maecenas sending to kafka topic twitter-topic
2021-10-25 14:13:33 [pool-1-thread-1] INFO  c.m.d.k.p.c.s.i.TwitterKafkaProducer - Sending message='{"userId": 4568476809158666484, "id": 4327912033697683366, "text": "purus dolor elit consectetuer Kafka elit Maecenas", "createdAt": 1635171213000}' to topic='twitter-topic'
2021-10-25 14:13:43 [pool-1-thread-1] INFO  c.m.d.t.t.k.s.l.TwitterKafkaStatusListener - Received status text Maecenas dolor lectus libero ipsum Maecenas malesuada Microservices lectus amet libero ipsum lectus massa sending to kafka topic twitter-topic
2021-10-25 14:13:43 [pool-1-thread-1] INFO  c.m.d.k.p.c.s.i.TwitterKafkaProducer - Sending message='{"userId": 7422100398019156546, "id": 498061906421004657, "text": "Maecenas dolor lectus libero ipsum Maecenas malesuada Microservices lectus amet libero ipsum lectus massa", "createdAt": 1635171223000}' to topic='twitter-topic'
2021-10-25 14:13:53 [pool-1-thread-1] INFO  c.m.d.t.t.k.s.l.TwitterKafkaStatusListener - Received status text Fusce sed libero lectus lectus amet posuere ultricies Elasticsearch porttitor Maecenas magna sit dolor dolor sending to kafka topic twitter-topic
2021-10-25 14:13:53 [pool-1-thread-1] INFO  c.m.d.k.p.c.s.i.TwitterKafkaProducer - Sending message='{"userId": 4506789888864461704, "id": 5377190736213413311, "text": "Fusce sed libero lectus lectus amet posuere ultricies Elasticsearch porttitor Maecenas magna sit dolor dolor", "createdAt": 1635171233000}' to topic='twitter-topic'
2021-10-25 14:14:03 [pool-1-thread-1] INFO  c.m.d.t.t.k.s.l.TwitterKafkaStatusListener - Received status text elit sed consectetuer ultricies Microservices porttitor ultricies Lorem sending to kafka topic twitter-topic
2021-10-25 14:14:03 [pool-1-thread-1] INFO  c.m.d.k.p.c.s.i.TwitterKafkaProducer - Sending message='{"userId": 8134454346323690992, "id": 6162535213213549091, "text": "elit sed consectetuer ultricies Microservices porttitor ultricies Lorem", "createdAt": 1635171243000}' to topic='twitter-topic'
2021-10-25 14:14:13 [pool-1-thread-1] INFO  c.m.d.t.t.k.s.l.TwitterKafkaStatusListener - Received status text purus massa Lorem sit Java Fusce amet sending to kafka topic twitter-topic
2021-10-25 14:14:13 [pool-1-thread-1] INFO  c.m.d.k.p.c.s.i.TwitterKafkaProducer - Sending message='{"userId": 9022605833831716664, "id": 8243091654013045861, "text": "purus massa Lorem sit Java Fusce amet", "createdAt": 1635171253000}' to topic='twitter-topic'
2021-10-25 14:14:23 [pool-1-thread-1] INFO  c.m.d.t.t.k.s.l.TwitterKafkaStatusListener - Received status text Fusce libero elit lectus purus Fusce ipsum Lorem Elasticsearch posuere ultricies magna elit purus libero adipiscing sending to kafka topic twitter-topic
2021-10-25 14:14:23 [pool-1-thread-1] INFO  c.m.d.k.p.c.s.i.TwitterKafkaProducer - Sending message='{"userId": 5250258934702059241, "id": 3792706488383495840, "text": "Fusce libero elit lectus purus Fusce ipsum Lorem Elasticsearch posuere ultricies magna elit purus libero adipiscing", "createdAt": 1635171263000}' to topic='twitter-topic'
2021-10-25 14:14:33 [pool-1-thread-1] INFO  c.m.d.t.t.k.s.l.TwitterKafkaStatusListener - Received status text malesuada Lorem Fusce Maecenas elit massa malesuada libero Microservices consectetuer sit ultricies lectus congue massa sending to kafka topic twitter-topic
2021-10-25 14:14:33 [pool-1-thread-1] INFO  c.m.d.k.p.c.s.i.TwitterKafkaProducer - Sending message='{"userId": 4498616975522557649, "id": 6963927054481885781, "text": "malesuada Lorem Fusce Maecenas elit massa malesuada libero Microservices consectetuer sit ultricies lectus congue massa", "createdAt": 1635171273000}' to topic='twitter-topic'
2021-10-25 14:14:43 [pool-1-thread-1] INFO  c.m.d.t.t.k.s.l.TwitterKafkaStatusListener - Received status text purus Lorem porttitor porttitor Maecenas porttitor Kafka congue sit ultricies pulvinar sed sending to kafka topic twitter-topic
2021-10-25 14:14:43 [pool-1-thread-1] INFO  c.m.d.k.p.c.s.i.TwitterKafkaProducer - Sending message='{"userId": 2142236997650291553, "id": 6195300355452118554, "text": "purus Lorem porttitor porttitor Maecenas porttitor Kafka congue sit ultricies pulvinar sed", "createdAt": 1635171283000}' to topic='twitter-topic'
2021-10-25 14:14:53 [pool-1-thread-1] INFO  c.m.d.t.t.k.s.l.TwitterKafkaStatusListener - Received status text Fusce porttitor amet porttitor congue malesuada Lorem Java lectus elit ultricies consectetuer lectus porttitor sending to kafka topic twitter-topic
2021-10-25 14:14:53 [pool-1-thread-1] INFO  c.m.d.k.p.c.s.i.TwitterKafkaProducer - Sending message='{"userId": 1009716392618635799, "id": 5266839146483689071, "text": "Fusce porttitor amet porttitor congue malesuada Lorem Java lectus elit ultricies consectetuer lectus porttitor", "createdAt": 1635171293000}' to topic='twitter-topic'
2021-10-25 14:15:03 [pool-1-thread-1] INFO  c.m.d.t.t.k.s.l.TwitterKafkaStatusListener - Received status text malesuada sit amet Maecenas consectetuer Microservices dolor ipsum posuere Lorem sending to kafka topic twitter-topic
2021-10-25 14:15:03 [pool-1-thread-1] INFO  c.m.d.k.p.c.s.i.TwitterKafkaProducer - Sending message='{"userId": 3959485921343394786, "id": 7002873939241214829, "text": "malesuada sit amet Maecenas consectetuer Microservices dolor ipsum posuere Lorem", "createdAt": 1635171303000}' to topic='twitter-topic'
2021-10-25 14:15:13 [pool-1-thread-1] INFO  c.m.d.t.t.k.s.l.TwitterKafkaStatusListener - Received status text pulvinar Fusce lectus porttitor ipsum sed Elasticsearch lectus ultricies amet magna sit sending to kafka topic twitter-topic
2021-10-25 14:15:13 [pool-1-thread-1] INFO  c.m.d.k.p.c.s.i.TwitterKafkaProducer - Sending message='{"userId": 3132332343069583343, "id": 8551371684002994435, "text": "pulvinar Fusce lectus porttitor ipsum sed Elasticsearch lectus ultricies amet magna sit", "createdAt": 1635171313000}' to topic='twitter-topic'
2021-10-25 14:15:23 [pool-1-thread-1] INFO  c.m.d.t.t.k.s.l.TwitterKafkaStatusListener - Received status text Maecenas consectetuer dolor lectus sed Kafka libero purus adipiscing ipsum sending to kafka topic twitter-topic
2021-10-25 14:15:23 [pool-1-thread-1] INFO  c.m.d.k.p.c.s.i.TwitterKafkaProducer - Sending message='{"userId": 7176290639640173130, "id": 4462425137209898697, "text": "Maecenas consectetuer dolor lectus sed Kafka libero purus adipiscing ipsum", "createdAt": 1635171323000}' to topic='twitter-topic'
2021-10-25 14:15:33 [pool-1-thread-1] INFO  c.m.d.t.t.k.s.l.TwitterKafkaStatusListener - Received status text consectetuer sit ultricies sed Kafka sed purus sending to kafka topic twitter-topic
2021-10-25 14:15:33 [pool-1-thread-1] INFO  c.m.d.k.p.c.s.i.TwitterKafkaProducer - Sending message='{"userId": 2243838774618949918, "id": 5802367193096018024, "text": "consectetuer sit ultricies sed Kafka sed purus", "createdAt": 1635171333000}' to topic='twitter-topic'
2021-10-25 14:15:43 [pool-1-thread-1] INFO  c.m.d.t.t.k.s.l.TwitterKafkaStatusListener - Received status text malesuada sit congue Fusce Kafka malesuada posuere sending to kafka topic twitter-topic
2021-10-25 14:15:43 [pool-1-thread-1] INFO  c.m.d.k.p.c.s.i.TwitterKafkaProducer - Sending message='{"userId": 919021024903906888, "id": 5083120471025959179, "text": "malesuada sit congue Fusce Kafka malesuada posuere", "createdAt": 1635171343000}' to topic='twitter-topic'
2021-10-25 14:15:53 [pool-1-thread-1] INFO  c.m.d.t.t.k.s.l.TwitterKafkaStatusListener - Received status text massa amet dolor ipsum Kafka sit lectus sending to kafka topic twitter-topic
2021-10-25 14:15:53 [pool-1-thread-1] INFO  c.m.d.k.p.c.s.i.TwitterKafkaProducer - Sending message='{"userId": 1543762483317552804, "id": 6498208587936778648, "text": "massa amet dolor ipsum Kafka sit lectus", "createdAt": 1635171353000}' to topic='twitter-topic'
2021-10-25 14:16:03 [pool-1-thread-1] INFO  c.m.d.t.t.k.s.l.TwitterKafkaStatusListener - Received status text amet posuere purus lectus elit Microservices Lorem Maecenas posuere ultricies sending to kafka topic twitter-topic
2021-10-25 14:16:03 [pool-1-thread-1] INFO  c.m.d.k.p.c.s.i.TwitterKafkaProducer - Sending message='{"userId": 454586909798097655, "id": 6585948314885829446, "text": "amet posuere purus lectus elit Microservices Lorem Maecenas posuere ultricies", "createdAt": 1635171363000}' to topic='twitter-topic'
2021-10-25 14:16:13 [pool-1-thread-1] INFO  c.m.d.t.t.k.s.l.TwitterKafkaStatusListener - Received status text malesuada ultricies congue congue Elasticsearch consectetuer dolor sending to kafka topic twitter-topic
2021-10-25 14:16:13 [pool-1-thread-1] INFO  c.m.d.k.p.c.s.i.TwitterKafkaProducer - Sending message='{"userId": 7612709684877671811, "id": 5551524956157589504, "text": "malesuada ultricies congue congue Elasticsearch consectetuer dolor", "createdAt": 1635171373000}' to topic='twitter-topic'
2021-10-25 14:16:23 [pool-1-thread-1] INFO  c.m.d.t.t.k.s.l.TwitterKafkaStatusListener - Received status text congue Lorem malesuada lectus Elasticsearch amet dolor sending to kafka topic twitter-topic
2021-10-25 14:16:23 [pool-1-thread-1] INFO  c.m.d.k.p.c.s.i.TwitterKafkaProducer - Sending message='{"userId": 4001261574804850695, "id": 2661011964837260475, "text": "congue Lorem malesuada lectus Elasticsearch amet dolor", "createdAt": 1635171383000}' to topic='twitter-topic'
2021-10-25 14:16:33 [pool-1-thread-1] INFO  c.m.d.t.t.k.s.l.TwitterKafkaStatusListener - Received status text adipiscing pulvinar ipsum libero ipsum Microservices amet lectus amet sending to kafka topic twitter-topic
2021-10-25 14:16:33 [pool-1-thread-1] INFO  c.m.d.k.p.c.s.i.TwitterKafkaProducer - Sending message='{"userId": 9212279866674146966, "id": 504696987916467837, "text": "adipiscing pulvinar ipsum libero ipsum Microservices amet lectus amet", "createdAt": 1635171393000}' to topic='twitter-topic'
2021-10-25 14:16:43 [pool-1-thread-1] INFO  c.m.d.t.t.k.s.l.TwitterKafkaStatusListener - Received status text sed Maecenas congue sit porttitor sit Java ipsum lectus posuere pulvinar consectetuer sending to kafka topic twitter-topic
2021-10-25 14:16:43 [pool-1-thread-1] INFO  c.m.d.k.p.c.s.i.TwitterKafkaProducer - Sending message='{"userId": 5054070776424920228, "id": 8996511529331515370, "text": "sed Maecenas congue sit porttitor sit Java ipsum lectus posuere pulvinar consectetuer", "createdAt": 1635171403000}' to topic='twitter-topic'
2021-10-25 14:16:53 [pool-1-thread-1] INFO  c.m.d.t.t.k.s.l.TwitterKafkaStatusListener - Received status text adipiscing libero dolor Maecenas adipiscing Lorem purus posuere Kafka lectus ultricies consectetuer posuere adipiscing posuere porttitor sending to kafka topic twitter-topic
2021-10-25 14:16:53 [pool-1-thread-1] INFO  c.m.d.k.p.c.s.i.TwitterKafkaProducer - Sending message='{"userId": 5689479908029157083, "id": 4481429630815077000, "text": "adipiscing libero dolor Maecenas adipiscing Lorem purus posuere Kafka lectus ultricies consectetuer posuere adipiscing posuere porttitor", "createdAt": 1635171413000}' to topic='twitter-topic'
2021-10-25 14:17:03 [pool-1-thread-1] INFO  c.m.d.t.t.k.s.l.TwitterKafkaStatusListener - Received status text Fusce libero sed posuere sed massa libero magna Microservices magna libero ipsum purus consectetuer elit dolor sending to kafka topic twitter-topic
2021-10-25 14:17:03 [pool-1-thread-1] INFO  c.m.d.k.p.c.s.i.TwitterKafkaProducer - Sending message='{"userId": 8791337221951432054, "id": 5472924254661338977, "text": "Fusce libero sed posuere sed massa libero magna Microservices magna libero ipsum purus consectetuer elit dolor", "createdAt": 1635171423000}' to topic='twitter-topic'
2021-10-25 14:17:13 [pool-1-thread-1] INFO  c.m.d.t.t.k.s.l.TwitterKafkaStatusListener - Received status text posuere ultricies purus Elasticsearch posuere ipsum sending to kafka topic twitter-topic
2021-10-25 14:17:13 [pool-1-thread-1] INFO  c.m.d.k.p.c.s.i.TwitterKafkaProducer - Sending message='{"userId": 4105969404017605985, "id": 1732134937566400614, "text": "posuere ultricies purus Elasticsearch posuere ipsum", "createdAt": 1635171433000}' to topic='twitter-topic'
2021-10-25 14:17:23 [pool-1-thread-1] INFO  c.m.d.t.t.k.s.l.TwitterKafkaStatusListener - Received status text pulvinar sed amet massa ipsum purus ipsum Kafka lectus dolor posuere ultricies Lorem purus sending to kafka topic twitter-topic
2021-10-25 14:17:23 [pool-1-thread-1] INFO  c.m.d.k.p.c.s.i.TwitterKafkaProducer - Sending message='{"userId": 8332341785545045147, "id": 390847198803370365, "text": "pulvinar sed amet massa ipsum purus ipsum Kafka lectus dolor posuere ultricies Lorem purus", "createdAt": 1635171443000}' to topic='twitter-topic'
2021-10-25 14:17:33 [pool-1-thread-1] INFO  c.m.d.t.t.k.s.l.TwitterKafkaStatusListener - Received status text amet Lorem consectetuer libero adipiscing amet libero Java sit Fusce purus sed ipsum Lorem sending to kafka topic twitter-topic
2021-10-25 14:17:33 [pool-1-thread-1] INFO  c.m.d.k.p.c.s.i.TwitterKafkaProducer - Sending message='{"userId": 2619660135870710591, "id": 3745992462563337904, "text": "amet Lorem consectetuer libero adipiscing amet libero Java sit Fusce purus sed ipsum Lorem", "createdAt": 1635171453000}' to topic='twitter-topic'
2021-10-25 14:17:43 [pool-1-thread-1] INFO  c.m.d.t.t.k.s.l.TwitterKafkaStatusListener - Received status text ultricies purus ultricies elit congue consectetuer Lorem Kafka malesuada purus Maecenas purus malesuada sending to kafka topic twitter-topic
2021-10-25 14:17:43 [pool-1-thread-1] INFO  c.m.d.k.p.c.s.i.TwitterKafkaProducer - Sending message='{"userId": 3861791059562645395, "id": 2772714800668240695, "text": "ultricies purus ultricies elit congue consectetuer Lorem Kafka malesuada purus Maecenas purus malesuada", "createdAt": 1635171463000}' to topic='twitter-topic'
2021-10-25 14:17:53 [pool-1-thread-1] INFO  c.m.d.t.t.k.s.l.TwitterKafkaStatusListener - Received status text lectus massa Maecenas adipiscing lectus dolor Kafka dolor pulvinar consectetuer congue lectus sending to kafka topic twitter-topic
2021-10-25 14:17:53 [pool-1-thread-1] INFO  c.m.d.k.p.c.s.i.TwitterKafkaProducer - Sending message='{"userId": 7932425098039838042, "id": 7623854262889446736, "text": "lectus massa Maecenas adipiscing lectus dolor Kafka dolor pulvinar consectetuer congue lectus", "createdAt": 1635171473000}' to topic='twitter-topic'
2021-10-25 14:18:03 [pool-1-thread-1] INFO  c.m.d.t.t.k.s.l.TwitterKafkaStatusListener - Received status text ipsum Maecenas Fusce pulvinar pulvinar dolor ultricies Kafka posuere ultricies posuere ultricies libero lectus sending to kafka topic twitter-topic
2021-10-25 14:18:03 [pool-1-thread-1] INFO  c.m.d.k.p.c.s.i.TwitterKafkaProducer - Sending message='{"userId": 6904629914195156963, "id": 5061157665535720002, "text": "ipsum Maecenas Fusce pulvinar pulvinar dolor ultricies Kafka posuere ultricies posuere ultricies libero lectus", "createdAt": 1635171483000}' to topic='twitter-topic'
2021-10-25 14:18:13 [pool-1-thread-1] INFO  c.m.d.t.t.k.s.l.TwitterKafkaStatusListener - Received status text amet Maecenas malesuada Fusce purus congue pulvinar Kafka pulvinar porttitor congue ultricies ultricies sending to kafka topic twitter-topic
2021-10-25 14:18:13 [pool-1-thread-1] INFO  c.m.d.k.p.c.s.i.TwitterKafkaProducer - Sending message='{"userId": 7691825992490891627, "id": 508954939111702947, "text": "amet Maecenas malesuada Fusce purus congue pulvinar Kafka pulvinar porttitor congue ultricies ultricies", "createdAt": 1635171493000}' to topic='twitter-topic'
2021-10-25 14:18:23 [pool-1-thread-1] INFO  c.m.d.t.t.k.s.l.TwitterKafkaStatusListener - Received status text dolor massa pulvinar sed sit Microservices adipiscing dolor magna adipiscing sending to kafka topic twitter-topic
2021-10-25 14:18:23 [pool-1-thread-1] INFO  c.m.d.k.p.c.s.i.TwitterKafkaProducer - Sending message='{"userId": 1377397199729732131, "id": 3679510348943326709, "text": "dolor massa pulvinar sed sit Microservices adipiscing dolor magna adipiscing", "createdAt": 1635171503000}' to topic='twitter-topic'
2021-10-25 14:18:33 [pool-1-thread-1] INFO  c.m.d.t.t.k.s.l.TwitterKafkaStatusListener - Received status text libero massa consectetuer Kafka elit libero sending to kafka topic twitter-topic
2021-10-25 14:18:33 [pool-1-thread-1] INFO  c.m.d.k.p.c.s.i.TwitterKafkaProducer - Sending message='{"userId": 6000916676657611884, "id": 2545457266541632534, "text": "libero massa consectetuer Kafka elit libero", "createdAt": 1635171513000}' to topic='twitter-topic'
2021-10-25 14:18:43 [pool-1-thread-1] INFO  c.m.d.t.t.k.s.l.TwitterKafkaStatusListener - Received status text libero congue sed massa Elasticsearch ultricies porttitor consectetuer sending to kafka topic twitter-topic
2021-10-25 14:18:43 [pool-1-thread-1] INFO  c.m.d.k.p.c.s.i.TwitterKafkaProducer - Sending message='{"userId": 4147553416075222050, "id": 7582477869589237289, "text": "libero congue sed massa Elasticsearch ultricies porttitor consectetuer", "createdAt": 1635171523000}' to topic='twitter-topic'
2021-10-25 14:18:53 [pool-1-thread-1] INFO  c.m.d.t.t.k.s.l.TwitterKafkaStatusListener - Received status text massa sed magna pulvinar sit Fusce massa Microservices amet elit consectetuer elit malesuada sit sending to kafka topic twitter-topic
2021-10-25 14:18:53 [pool-1-thread-1] INFO  c.m.d.k.p.c.s.i.TwitterKafkaProducer - Sending message='{"userId": 4400219271588009706, "id": 2839204906033097494, "text": "massa sed magna pulvinar sit Fusce massa Microservices amet elit consectetuer elit malesuada sit", "createdAt": 1635171533000}' to topic='twitter-topic'
2021-10-25 14:19:03 [pool-1-thread-1] INFO  c.m.d.t.t.k.s.l.TwitterKafkaStatusListener - Received status text lectus amet magna massa Java lectus amet elit sending to kafka topic twitter-topic
2021-10-25 14:19:03 [pool-1-thread-1] INFO  c.m.d.k.p.c.s.i.TwitterKafkaProducer - Sending message='{"userId": 5790264443892726787, "id": 2738459491812050716, "text": "lectus amet magna massa Java lectus amet elit", "createdAt": 1635171543000}' to topic='twitter-topic'
2021-10-25 14:19:13 [pool-1-thread-1] INFO  c.m.d.t.t.k.s.l.TwitterKafkaStatusListener - Received status text magna massa Lorem ultricies sed magna congue sit Java pulvinar Maecenas adipiscing posuere sed ultricies sed sending to kafka topic twitter-topic
2021-10-25 14:19:13 [pool-1-thread-1] INFO  c.m.d.k.p.c.s.i.TwitterKafkaProducer - Sending message='{"userId": 274089915867604132, "id": 5134552143257518965, "text": "magna massa Lorem ultricies sed magna congue sit Java pulvinar Maecenas adipiscing posuere sed ultricies sed", "createdAt": 1635171553000}' to topic='twitter-topic'
2021-10-25 14:19:23 [pool-1-thread-1] INFO  c.m.d.t.t.k.s.l.TwitterKafkaStatusListener - Received status text amet congue Fusce Java malesuada sit sending to kafka topic twitter-topic
2021-10-25 14:19:23 [pool-1-thread-1] INFO  c.m.d.k.p.c.s.i.TwitterKafkaProducer - Sending message='{"userId": 2764596835776309432, "id": 1416231817044965499, "text": "amet congue Fusce Java malesuada sit", "createdAt": 1635171563000}' to topic='twitter-topic'
2021-10-25 14:19:33 [pool-1-thread-1] INFO  c.m.d.t.t.k.s.l.TwitterKafkaStatusListener - Received status text posuere porttitor posuere elit Lorem Kafka dolor sed ultricies malesuada sending to kafka topic twitter-topic
2021-10-25 14:19:33 [pool-1-thread-1] INFO  c.m.d.k.p.c.s.i.TwitterKafkaProducer - Sending message='{"userId": 9060700663313899867, "id": 8735633339031040740, "text": "posuere porttitor posuere elit Lorem Kafka dolor sed ultricies malesuada", "createdAt": 1635171573000}' to topic='twitter-topic'
2021-10-25 14:19:43 [pool-1-thread-1] INFO  c.m.d.t.t.k.s.l.TwitterKafkaStatusListener - Received status text magna lectus pulvinar purus sit libero Microservices lectus congue purus porttitor sending to kafka topic twitter-topic
2021-10-25 14:19:43 [pool-1-thread-1] INFO  c.m.d.k.p.c.s.i.TwitterKafkaProducer - Sending message='{"userId": 2982207801852388535, "id": 5190418730345598014, "text": "magna lectus pulvinar purus sit libero Microservices lectus congue purus porttitor", "createdAt": 1635171583000}' to topic='twitter-topic'
